Reading netlist file: "C:\myWorkspace\fpgaProjects\Stepper-Motor-Driver-Verilog\PMOD_Step_Driver\impl\gwsynthesis\PMOD_Step_Driver.vg"
Parsing netlist file "C:\myWorkspace\fpgaProjects\Stepper-Motor-Driver-Verilog\PMOD_Step_Driver\impl\gwsynthesis\PMOD_Step_Driver.vg" completed
Processing netlist completed
Reading constraint file: "C:\myWorkspace\fpgaProjects\Stepper-Motor-Driver-Verilog\PMOD_Step_Driver\src\PMOD_Step_Driver.cst"
Physical Constraint parsed completed
Running placement......
[10%] Placement Phase 0 completed
[20%] Placement Phase 1 completed
[30%] Placement Phase 2 completed
[50%] Placement Phase 3 completed
Running routing......
[60%] Routing Phase 0 completed
[70%] Routing Phase 1 completed
[80%] Routing Phase 2 completed
[90%] Routing Phase 3 completed
Running timing analysis......
[95%] Timing analysis completed
Placement and routing completed
Bitstream generation in progress......
Bitstream generation completed
Running power analysis......
[100%] Power analysis completed
Generate file "C:\myWorkspace\fpgaProjects\Stepper-Motor-Driver-Verilog\PMOD_Step_Driver\impl\pnr\PMOD_Step_Driver.power.html" completed
Generate file "C:\myWorkspace\fpgaProjects\Stepper-Motor-Driver-Verilog\PMOD_Step_Driver\impl\pnr\PMOD_Step_Driver.pin.html" completed
Generate file "C:\myWorkspace\fpgaProjects\Stepper-Motor-Driver-Verilog\PMOD_Step_Driver\impl\pnr\PMOD_Step_Driver.rpt.html" completed
Generate file "C:\myWorkspace\fpgaProjects\Stepper-Motor-Driver-Verilog\PMOD_Step_Driver\impl\pnr\PMOD_Step_Driver.rpt.txt" completed
Generate file "C:\myWorkspace\fpgaProjects\Stepper-Motor-Driver-Verilog\PMOD_Step_Driver\impl\pnr\PMOD_Step_Driver.tr.html" completed
Sun Dec 18 21:25:46 2022

